<?xml version="1.0" encoding="UTF-8"?>
<coverage generated="1686904999537" clover="3.2.0">
  <project timestamp="1686904999537" name="All files">
    <metrics statements="26" coveredstatements="18" conditionals="4" coveredconditionals="2" methods="12" coveredmethods="7" elements="42" coveredelements="27" complexity="0" loc="26" ncloc="26" packages="1" files="3" classes="3"/>
    <file name="App.tsx" path="C:\react_native\testing_app\App.tsx">
      <metrics statements="1" coveredstatements="1" conditionals="0" coveredconditionals="0" methods="1" coveredmethods="1"/>
      <line num="7" count="1" type="stmt"/>
    </file>
    <file name="Component.tsx" path="C:\react_native\testing_app\Component.tsx">
      <metrics statements="2" coveredstatements="2" conditionals="0" coveredconditionals="0" methods="1" coveredmethods="1"/>
      <line num="15" count="7" type="stmt"/>
      <line num="16" count="7" type="stmt"/>
    </file>
    <file name="Home.tsx" path="C:\react_native\testing_app\Home.tsx">
      <metrics statements="23" coveredstatements="15" conditionals="4" coveredconditionals="2" methods="10" coveredmethods="5"/>
      <line num="27" count="3" type="stmt"/>
      <line num="28" count="0" type="stmt"/>
      <line num="35" count="4" type="stmt"/>
      <line num="36" count="4" type="stmt"/>
      <line num="45" count="4" type="stmt"/>
      <line num="46" count="4" type="stmt"/>
      <line num="47" count="0" type="stmt"/>
      <line num="52" count="4" type="stmt"/>
      <line num="53" count="1" type="stmt"/>
      <line num="57" count="1" type="cond" truecount="0" falsecount="2"/>
      <line num="58" count="1" type="stmt"/>
      <line num="59" count="1" type="stmt"/>
      <line num="66" count="4" type="stmt"/>
      <line num="67" count="4" type="stmt"/>
      <line num="68" count="4" type="stmt"/>
      <line num="69" count="0" type="stmt"/>
      <line num="70" count="0" type="stmt"/>
      <line num="74" count="0" type="stmt"/>
      <line num="77" count="0" type="stmt"/>
      <line num="84" count="6" type="stmt"/>
      <line num="96" count="0" type="stmt"/>
      <line num="97" count="0" type="stmt"/>
      <line num="107" count="3" type="stmt"/>
    </file>
  </project>
</coverage>
