{"C:\\react_native\\testing_app\\App.tsx": {"path":"C:\\react_native\\testing_app\\App.tsx","statementMap":{"0":{"start":{"line":7,"column":4},"end":{"line":11,"column":5}}},"fnMap":{"0":{"name":"(anonymous_0)","decl":{"start":{"line":6,"column":2},"end":{"line":6,"column":3}},"loc":{"start":{"line":6,"column":11},"end":{"line":12,"column":3}},"line":6}},"branchMap":{},"s":{"0":1},"f":{"0":1},"b":{},"_coverageSchema":"1a1c01bbd47fc00a2c39e90264f33305004495a9","hash":"322d2c5b20a11dc2df1659449a3f8af25e1edf90"}
,"C:\\react_native\\testing_app\\Component.tsx": {"path":"C:\\react_native\\testing_app\\Component.tsx","statementMap":{"0":{"start":{"line":15,"column":19},"end":{"line":15,"column":29}},"1":{"start":{"line":16,"column":4},"end":{"line":21,"column":5}}},"fnMap":{"0":{"name":"(anonymous_0)","decl":{"start":{"line":14,"column":2},"end":{"line":14,"column":3}},"loc":{"start":{"line":14,"column":11},"end":{"line":22,"column":3}},"line":14}},"branchMap":{},"s":{"0":7,"1":7},"f":{"0":7},"b":{},"_coverageSchema":"1a1c01bbd47fc00a2c39e90264f33305004495a9","hash":"5896a134aee6de753ceb2e7347b9d314f02e9d48"}
,"C:\\react_native\\testing_app\\Home.tsx": {"path":"C:\\react_native\\testing_app\\Home.tsx","statementMap":{"0":{"start":{"line":27,"column":13},"end":{"line":31,"column":1}},"1":{"start":{"line":28,"column":2},"end":{"line":30,"column":9}},"2":{"start":{"line":35,"column":4},"end":{"line":35,"column":16}},"3":{"start":{"line":36,"column":4},"end":{"line":41,"column":5}},"4":{"start":{"line":45,"column":4},"end":{"line":45,"column":20}},"5":{"start":{"line":46,"column":4},"end":{"line":48,"column":13}},"6":{"start":{"line":47,"column":6},"end":{"line":47,"column":21}},"7":{"start":{"line":52,"column":17},"end":{"line":62,"column":2}},"8":{"start":{"line":53,"column":4},"end":{"line":55,"column":6}},"9":{"start":{"line":57,"column":25},"end":{"line":57,"column":212}},"10":{"start":{"line":57,"column":65},"end":{"line":57,"column":210}},"11":{"start":{"line":58,"column":4},"end":{"line":58,"column":30}},"12":{"start":{"line":59,"column":4},"end":{"line":61,"column":6}},"13":{"start":{"line":66,"column":10},"end":{"line":79,"column":2}},"14":{"start":{"line":67,"column":3},"end":{"line":75,"column":4}},"15":{"start":{"line":68,"column":17},"end":{"line":68,"column":113}},"16":{"start":{"line":69,"column":18},"end":{"line":69,"column":34}},"17":{"start":{"line":70,"column":5},"end":{"line":72,"column":7}},"18":{"start":{"line":74,"column":5},"end":{"line":74,"column":25}},"19":{"start":{"line":77,"column":3},"end":{"line":77,"column":50}},"20":{"start":{"line":84,"column":4},"end":{"line":100,"column":5}},"21":{"start":{"line":96,"column":34},"end":{"line":96,"column":61}},"22":{"start":{"line":97,"column":32},"end":{"line":97,"column":45}},"23":{"start":{"line":107,"column":15},"end":{"line":123,"column":2}}},"fnMap":{"0":{"name":"(anonymous_0)","decl":{"start":{"line":27,"column":13},"end":{"line":27,"column":14}},"loc":{"start":{"line":28,"column":2},"end":{"line":30,"column":9}},"line":28},"1":{"name":"(anonymous_1)","decl":{"start":{"line":34,"column":2},"end":{"line":34,"column":3}},"loc":{"start":{"line":34,"column":30},"end":{"line":42,"column":3}},"line":34},"2":{"name":"(anonymous_2)","decl":{"start":{"line":44,"column":2},"end":{"line":44,"column":3}},"loc":{"start":{"line":44,"column":28},"end":{"line":49,"column":3}},"line":44},"3":{"name":"(anonymous_3)","decl":{"start":{"line":46,"column":16},"end":{"line":46,"column":17}},"loc":{"start":{"line":46,"column":21},"end":{"line":48,"column":5}},"line":46},"4":{"name":"(anonymous_4)","decl":{"start":{"line":52,"column":17},"end":{"line":52,"column":18}},"loc":{"start":{"line":52,"column":33},"end":{"line":62,"column":2}},"line":52},"5":{"name":"(anonymous_5)","decl":{"start":{"line":57,"column":49},"end":{"line":57,"column":50}},"loc":{"start":{"line":57,"column":65},"end":{"line":57,"column":210}},"line":57},"6":{"name":"(anonymous_6)","decl":{"start":{"line":66,"column":10},"end":{"line":66,"column":11}},"loc":{"start":{"line":66,"column":21},"end":{"line":79,"column":2}},"line":66},"7":{"name":"(anonymous_7)","decl":{"start":{"line":83,"column":2},"end":{"line":83,"column":3}},"loc":{"start":{"line":83,"column":11},"end":{"line":101,"column":3}},"line":83},"8":{"name":"(anonymous_8)","decl":{"start":{"line":96,"column":22},"end":{"line":96,"column":23}},"loc":{"start":{"line":96,"column":34},"end":{"line":96,"column":61}},"line":96},"9":{"name":"(anonymous_9)","decl":{"start":{"line":97,"column":24},"end":{"line":97,"column":25}},"loc":{"start":{"line":97,"column":32},"end":{"line":97,"column":45}},"line":97}},"branchMap":{"0":{"loc":{"start":{"line":57,"column":65},"end":{"line":57,"column":210}},"type":"binary-expr","locations":[{"start":{"line":57,"column":65},"end":{"line":57,"column":135}},{"start":{"line":57,"column":139},"end":{"line":57,"column":210}}],"line":57},"1":{"loc":{"start":{"line":95,"column":16},"end":{"line":95,"column":90}},"type":"cond-expr","locations":[{"start":{"line":95,"column":47},"end":{"line":95,"column":63}},{"start":{"line":95,"column":66},"end":{"line":95,"column":90}}],"line":95}},"s":{"0":3,"1":0,"2":4,"3":4,"4":4,"5":4,"6":0,"7":4,"8":1,"9":1,"10":0,"11":1,"12":1,"13":4,"14":4,"15":4,"16":0,"17":0,"18":0,"19":0,"20":6,"21":0,"22":0,"23":3},"f":{"0":0,"1":4,"2":4,"3":0,"4":1,"5":0,"6":4,"7":6,"8":0,"9":0},"b":{"0":[0,0],"1":[4,2]},"_coverageSchema":"1a1c01bbd47fc00a2c39e90264f33305004495a9","hash":"19ae32c12946324f2151f45b48b907832534ee7c"}
}
