TN:
SF:App.tsx
FN:6,(anonymous_0)
FNF:1
FNH:1
FNDA:1,(anonymous_0)
DA:7,1
LF:1
LH:1
BRF:0
BRH:0
end_of_record
TN:
SF:Component.tsx
FN:14,(anonymous_0)
FNF:1
FNH:1
FNDA:7,(anonymous_0)
DA:15,7
DA:16,7
LF:2
LH:2
BRF:0
BRH:0
end_of_record
TN:
SF:Home.tsx
FN:27,(anonymous_0)
FN:34,(anonymous_1)
FN:44,(anonymous_2)
FN:46,(anonymous_3)
FN:52,(anonymous_4)
FN:57,(anonymous_5)
FN:66,(anonymous_6)
FN:83,(anonymous_7)
FN:96,(anonymous_8)
FN:97,(anonymous_9)
FNF:10
FNH:5
FNDA:0,(anonymous_0)
FNDA:4,(anonymous_1)
FNDA:4,(anonymous_2)
FNDA:0,(anonymous_3)
FNDA:1,(anonymous_4)
FNDA:0,(anonymous_5)
FNDA:4,(anonymous_6)
FNDA:6,(anonymous_7)
FNDA:0,(anonymous_8)
FNDA:0,(anonymous_9)
DA:27,3
DA:28,0
DA:35,4
DA:36,4
DA:45,4
DA:46,4
DA:47,0
DA:52,4
DA:53,1
DA:57,1
DA:58,1
DA:59,1
DA:66,4
DA:67,4
DA:68,4
DA:69,0
DA:70,0
DA:74,0
DA:77,0
DA:84,6
DA:96,0
DA:97,0
DA:107,3
LF:23
LH:15
BRDA:57,0,0,0
BRDA:57,0,1,0
BRDA:95,1,0,4
BRDA:95,1,1,2
BRF:4
BRH:2
end_of_record
